2025-09-02 07:08:39 [main] INFO  com.litmus7.inventorymanagementsinglethread.util.FileUtil - Found 3 CSV file(s) in directory [D:\Litmus7\inventory_feed\InventoryManagementSingleThread\input].
2025-09-02 07:08:39 [main] INFO  com.litmus7.inventorymanagementsinglethread.service.InventoryService - Beginning addInventoryToDB()
2025-09-02 07:08:39 [main] DEBUG com.litmus7.inventorymanagementsinglethread.service.InventoryService - Found 3 csv files from the folder [D:/Litmus7/inventory_feed/InventoryManagementSingleThread/input].
2025-09-02 07:08:39 [main] INFO  com.litmus7.inventorymanagementsinglethread.service.InventoryService - Processing file : D:\Litmus7\inventory_feed\InventoryManagementSingleThread\input\sample1.csv
2025-09-02 07:08:39 [main] DEBUG com.litmus7.inventorymanagementsinglethread.service.InventoryService - Retrieved 0 records from the file [D:\Litmus7\inventory_feed\InventoryManagementSingleThread\input\sample1.csv].
2025-09-02 07:09:57 [main] INFO  com.litmus7.inventorymanagementsinglethread.util.FileUtil - Found 3 CSV file(s) in directory [D:\Litmus7\inventory_feed\InventoryManagementSingleThread\input].
2025-09-02 07:09:57 [main] INFO  com.litmus7.inventorymanagementsinglethread.service.InventoryService - Beginning addInventoryToDB()
2025-09-02 07:09:57 [main] DEBUG com.litmus7.inventorymanagementsinglethread.service.InventoryService - Found 3 csv files from the folder [D:/Litmus7/inventory_feed/InventoryManagementSingleThread/input].
2025-09-02 07:09:57 [main] INFO  com.litmus7.inventorymanagementsinglethread.service.InventoryService - Processing file : D:\Litmus7\inventory_feed\InventoryManagementSingleThread\input\sample1.csv
2025-09-02 07:09:57 [main] DEBUG com.litmus7.inventorymanagementsinglethread.service.InventoryService - Retrieved 0 records from the file [D:\Litmus7\inventory_feed\InventoryManagementSingleThread\input\sample1.csv].
2025-09-02 07:10:43 [main] INFO  com.litmus7.inventorymanagementsinglethread.util.FileUtil - Found 3 CSV file(s) in directory [D:\Litmus7\inventory_feed\InventoryManagementSingleThread\input].
2025-09-02 07:10:43 [main] INFO  com.litmus7.inventorymanagementsinglethread.service.InventoryService - Beginning addInventoryToDB()
2025-09-02 07:10:43 [main] DEBUG com.litmus7.inventorymanagementsinglethread.service.InventoryService - Found 3 csv files from the folder [D:/Litmus7/inventory_feed/InventoryManagementSingleThread/input].
2025-09-02 07:10:43 [main] INFO  com.litmus7.inventorymanagementsinglethread.service.InventoryService - Processing file : D:\Litmus7\inventory_feed\InventoryManagementSingleThread\input\sample1.csv
2025-09-02 07:10:43 [main] DEBUG com.litmus7.inventorymanagementsinglethread.service.InventoryService - Retrieved 0 records from the file [D:\Litmus7\inventory_feed\InventoryManagementSingleThread\input\sample1.csv].
2025-09-02 07:14:25 [main] INFO  com.litmus7.inventorymanagementsinglethread.util.FileUtil - Found 3 CSV file(s) in directory [D:\Litmus7\inventory_feed\InventoryManagementSingleThread\input].
2025-09-02 07:14:25 [main] INFO  com.litmus7.inventorymanagementsinglethread.service.InventoryService - Beginning addInventoryToDB()
2025-09-02 07:14:25 [main] DEBUG com.litmus7.inventorymanagementsinglethread.service.InventoryService - Found 3 csv files from the folder [D:/Litmus7/inventory_feed/InventoryManagementSingleThread/input].
2025-09-02 07:14:25 [main] INFO  com.litmus7.inventorymanagementsinglethread.service.InventoryService - Processing file : D:\Litmus7\inventory_feed\InventoryManagementSingleThread\input\sample1.csv
2025-09-02 07:14:25 [main] DEBUG com.litmus7.inventorymanagementsinglethread.service.InventoryService - Retrieved 0 records from the file [D:\Litmus7\inventory_feed\InventoryManagementSingleThread\input\sample1.csv].
2025-09-02 07:16:05 [main] INFO  com.litmus7.inventorymanagementsinglethread.util.FileUtil - Found 3 CSV file(s) in directory [D:\Litmus7\inventory_feed\InventoryManagementSingleThread\input].
2025-09-02 07:16:05 [main] INFO  com.litmus7.inventorymanagementsinglethread.service.InventoryService - Beginning addInventoryToDB()
2025-09-02 07:16:05 [main] DEBUG com.litmus7.inventorymanagementsinglethread.service.InventoryService - Found 3 csv files from the folder [D:/Litmus7/inventory_feed/InventoryManagementSingleThread/input].
2025-09-02 07:16:05 [main] INFO  com.litmus7.inventorymanagementsinglethread.service.InventoryService - Processing file : D:\Litmus7\inventory_feed\InventoryManagementSingleThread\input\sample1.csv
2025-09-02 07:16:05 [main] DEBUG com.litmus7.inventorymanagementsinglethread.service.InventoryService - Retrieved 0 records from the file [D:\Litmus7\inventory_feed\InventoryManagementSingleThread\input\sample1.csv].
2025-09-02 07:19:53 [main] INFO  com.litmus7.inventorymanagementsinglethread.util.FileUtil - Found 3 CSV file(s) in directory [D:\Litmus7\inventory_feed\InventoryManagementSingleThread\input].
2025-09-02 07:19:53 [main] INFO  com.litmus7.inventorymanagementsinglethread.service.InventoryService - Beginning addInventoryToDB()
2025-09-02 07:19:53 [main] DEBUG com.litmus7.inventorymanagementsinglethread.service.InventoryService - Found 3 csv files from the folder [D:/Litmus7/inventory_feed/InventoryManagementSingleThread/input].
2025-09-02 07:19:53 [main] INFO  com.litmus7.inventorymanagementsinglethread.service.InventoryService - Processing file : D:\Litmus7\inventory_feed\InventoryManagementSingleThread\input\sample1.csv
2025-09-02 07:19:53 [main] DEBUG com.litmus7.inventorymanagementsinglethread.service.InventoryService - Retrieved 0 records from the file [D:\Litmus7\inventory_feed\InventoryManagementSingleThread\input\sample1.csv].
2025-09-02 07:22:51 [main] INFO  com.litmus7.inventorymanagementsinglethread.util.FileUtil - Found 3 CSV file(s) in directory [D:\Litmus7\inventory_feed\InventoryManagementSingleThread\input].
2025-09-02 07:22:51 [main] INFO  com.litmus7.inventorymanagementsinglethread.service.InventoryService - Beginning addInventoryToDB()
2025-09-02 07:22:51 [main] DEBUG com.litmus7.inventorymanagementsinglethread.service.InventoryService - Found 3 csv files from the folder [D:/Litmus7/inventory_feed/InventoryManagementSingleThread/input].
2025-09-02 07:22:51 [main] INFO  com.litmus7.inventorymanagementsinglethread.service.InventoryService - Processing file : D:\Litmus7\inventory_feed\InventoryManagementSingleThread\input\sample1.csv
2025-09-02 07:22:51 [main] DEBUG com.litmus7.inventorymanagementsinglethread.service.InventoryService - Retrieved 0 records from the file [D:\Litmus7\inventory_feed\InventoryManagementSingleThread\input\sample1.csv].
2025-09-02 07:30:25 [main] INFO  com.litmus7.inventorymanagementsinglethread.util.FileUtil - Found 3 CSV file(s) in directory [D:\Litmus7\inventory_feed\InventoryManagementSingleThread\input].
2025-09-02 07:30:25 [main] INFO  com.litmus7.inventorymanagementsinglethread.service.InventoryService - Beginning addInventoryToDB()
2025-09-02 07:30:25 [main] DEBUG com.litmus7.inventorymanagementsinglethread.service.InventoryService - Found 3 csv files from the folder [D:/Litmus7/inventory_feed/InventoryManagementSingleThread/input].
2025-09-02 07:30:25 [main] INFO  com.litmus7.inventorymanagementsinglethread.service.InventoryService - Processing file : D:\Litmus7\inventory_feed\InventoryManagementSingleThread\input\sample1.csv
2025-09-02 07:30:25 [main] DEBUG com.litmus7.inventorymanagementsinglethread.service.InventoryService - Retrieved 0 records from the file [D:\Litmus7\inventory_feed\InventoryManagementSingleThread\input\sample1.csv].
2025-09-02 07:32:53 [main] INFO  com.litmus7.inventorymanagementsinglethread.util.FileUtil - Found 3 CSV file(s) in directory [D:\Litmus7\inventory_feed\InventoryManagementSingleThread\input].
2025-09-02 07:32:53 [main] INFO  com.litmus7.inventorymanagementsinglethread.service.InventoryService - Beginning addInventoryToDB()
2025-09-02 07:32:53 [main] DEBUG com.litmus7.inventorymanagementsinglethread.service.InventoryService - Found 3 csv files from the folder [D:/Litmus7/inventory_feed/InventoryManagementSingleThread/input].
2025-09-02 07:32:53 [main] INFO  com.litmus7.inventorymanagementsinglethread.service.InventoryService - Processing file : D:\Litmus7\inventory_feed\InventoryManagementSingleThread\input\sample1.csv
2025-09-02 07:32:53 [main] DEBUG com.litmus7.inventorymanagementsinglethread.service.InventoryService - Retrieved 0 records from the file [D:\Litmus7\inventory_feed\InventoryManagementSingleThread\input\sample1.csv].
2025-09-02 07:32:54 [main] INFO  com.litmus7.inventorymanagementsinglethread.util.FileUtil - Moved file from [D:\Litmus7\inventory_feed\InventoryManagementSingleThread\input\sample1.csv] to [D:/Litmus7/inventory_feed/InventoryManagementSingleThread/processed].
2025-09-02 07:32:54 [main] INFO  com.litmus7.inventorymanagementsinglethread.service.InventoryService - Successfully inserted the records from file [D:\Litmus7\inventory_feed\InventoryManagementSingleThread\input\sample1.csv].
2025-09-02 07:32:54 [main] DEBUG com.litmus7.inventorymanagementsinglethread.service.InventoryService - Moved the file from [D:\Litmus7\inventory_feed\InventoryManagementSingleThread\input\sample1.csv] to [D:/Litmus7/inventory_feed/InventoryManagementSingleThread/processed]
2025-09-02 07:32:54 [main] INFO  com.litmus7.inventorymanagementsinglethread.service.InventoryService - Processing file : D:\Litmus7\inventory_feed\InventoryManagementSingleThread\input\sample2.csv
2025-09-02 07:32:54 [main] DEBUG com.litmus7.inventorymanagementsinglethread.service.InventoryService - Retrieved 0 records from the file [D:\Litmus7\inventory_feed\InventoryManagementSingleThread\input\sample2.csv].
2025-09-02 07:32:54 [main] INFO  com.litmus7.inventorymanagementsinglethread.util.FileUtil - Moved file from [D:\Litmus7\inventory_feed\InventoryManagementSingleThread\input\sample2.csv] to [D:/Litmus7/inventory_feed/InventoryManagementSingleThread/processed].
2025-09-02 07:32:54 [main] INFO  com.litmus7.inventorymanagementsinglethread.service.InventoryService - Successfully inserted the records from file [D:\Litmus7\inventory_feed\InventoryManagementSingleThread\input\sample2.csv].
2025-09-02 07:32:54 [main] DEBUG com.litmus7.inventorymanagementsinglethread.service.InventoryService - Moved the file from [D:\Litmus7\inventory_feed\InventoryManagementSingleThread\input\sample2.csv] to [D:/Litmus7/inventory_feed/InventoryManagementSingleThread/processed]
2025-09-02 07:32:54 [main] INFO  com.litmus7.inventorymanagementsinglethread.service.InventoryService - Processing file : D:\Litmus7\inventory_feed\InventoryManagementSingleThread\input\sample3.csv
2025-09-02 07:32:54 [main] DEBUG com.litmus7.inventorymanagementsinglethread.service.InventoryService - Retrieved 0 records from the file [D:\Litmus7\inventory_feed\InventoryManagementSingleThread\input\sample3.csv].
2025-09-02 07:32:54 [main] INFO  com.litmus7.inventorymanagementsinglethread.util.FileUtil - Moved file from [D:\Litmus7\inventory_feed\InventoryManagementSingleThread\input\sample3.csv] to [D:/Litmus7/inventory_feed/InventoryManagementSingleThread/processed].
2025-09-02 07:32:54 [main] INFO  com.litmus7.inventorymanagementsinglethread.service.InventoryService - Successfully inserted the records from file [D:\Litmus7\inventory_feed\InventoryManagementSingleThread\input\sample3.csv].
2025-09-02 07:32:54 [main] DEBUG com.litmus7.inventorymanagementsinglethread.service.InventoryService - Moved the file from [D:\Litmus7\inventory_feed\InventoryManagementSingleThread\input\sample3.csv] to [D:/Litmus7/inventory_feed/InventoryManagementSingleThread/processed]
2025-09-02 07:34:29 [main] INFO  com.litmus7.inventorymanagementsinglethread.util.FileUtil - Found 1 CSV file(s) in directory [D:\Litmus7\inventory_feed\InventoryManagementSingleThread\input].
2025-09-02 07:34:29 [main] INFO  com.litmus7.inventorymanagementsinglethread.service.InventoryService - Beginning addInventoryToDB()
2025-09-02 07:34:29 [main] DEBUG com.litmus7.inventorymanagementsinglethread.service.InventoryService - Found 1 csv files from the folder [D:/Litmus7/inventory_feed/InventoryManagementSingleThread/input].
2025-09-02 07:34:29 [main] INFO  com.litmus7.inventorymanagementsinglethread.service.InventoryService - Processing file : D:\Litmus7\inventory_feed\InventoryManagementSingleThread\input\sample4.csv
2025-09-02 07:34:29 [main] DEBUG com.litmus7.inventorymanagementsinglethread.service.InventoryService - Retrieved 0 records from the file [D:\Litmus7\inventory_feed\InventoryManagementSingleThread\input\sample4.csv].
2025-09-02 07:34:29 [main] INFO  com.litmus7.inventorymanagementsinglethread.util.FileUtil - Moved file from [D:\Litmus7\inventory_feed\InventoryManagementSingleThread\input\sample4.csv] to [D:/Litmus7/inventory_feed/InventoryManagementSingleThread/processed].
2025-09-02 07:34:29 [main] INFO  com.litmus7.inventorymanagementsinglethread.service.InventoryService - Successfully inserted the records from file [D:\Litmus7\inventory_feed\InventoryManagementSingleThread\input\sample4.csv].
2025-09-02 07:34:29 [main] DEBUG com.litmus7.inventorymanagementsinglethread.service.InventoryService - Moved the file from [D:\Litmus7\inventory_feed\InventoryManagementSingleThread\input\sample4.csv] to [D:/Litmus7/inventory_feed/InventoryManagementSingleThread/processed]
2025-09-02 07:39:03 [main] INFO  com.litmus7.inventorymanagementsinglethread.util.FileUtil - Found 4 CSV file(s) in directory [D:\Litmus7\inventory_feed\InventoryManagementSingleThread\input].
2025-09-02 07:39:03 [main] INFO  com.litmus7.inventorymanagementsinglethread.service.InventoryService - Beginning addInventoryToDB()
2025-09-02 07:39:03 [main] DEBUG com.litmus7.inventorymanagementsinglethread.service.InventoryService - Found 4 csv files from the folder [D:/Litmus7/inventory_feed/InventoryManagementSingleThread/input].
2025-09-02 07:39:03 [main] INFO  com.litmus7.inventorymanagementsinglethread.service.InventoryService - Processing file : D:\Litmus7\inventory_feed\InventoryManagementSingleThread\input\sample1.csv
2025-09-02 07:39:03 [main] DEBUG com.litmus7.inventorymanagementsinglethread.service.InventoryService - Retrieved 0 records from the file [D:\Litmus7\inventory_feed\InventoryManagementSingleThread\input\sample1.csv].
2025-09-02 07:39:04 [main] INFO  com.litmus7.inventorymanagementsinglethread.util.FileUtil - Moved file from [D:\Litmus7\inventory_feed\InventoryManagementSingleThread\input\sample1.csv] to [D:/Litmus7/inventory_feed/InventoryManagementSingleThread/processed].
2025-09-02 07:39:04 [main] INFO  com.litmus7.inventorymanagementsinglethread.service.InventoryService - Successfully inserted the records from file [D:\Litmus7\inventory_feed\InventoryManagementSingleThread\input\sample1.csv].
2025-09-02 07:39:04 [main] DEBUG com.litmus7.inventorymanagementsinglethread.service.InventoryService - Moved the file from [D:\Litmus7\inventory_feed\InventoryManagementSingleThread\input\sample1.csv] to [D:/Litmus7/inventory_feed/InventoryManagementSingleThread/processed]
2025-09-02 07:39:04 [main] INFO  com.litmus7.inventorymanagementsinglethread.service.InventoryService - Processing file : D:\Litmus7\inventory_feed\InventoryManagementSingleThread\input\sample2.csv
2025-09-02 07:39:04 [main] DEBUG com.litmus7.inventorymanagementsinglethread.service.InventoryService - Retrieved 0 records from the file [D:\Litmus7\inventory_feed\InventoryManagementSingleThread\input\sample2.csv].
2025-09-02 07:39:04 [main] INFO  com.litmus7.inventorymanagementsinglethread.util.FileUtil - Moved file from [D:\Litmus7\inventory_feed\InventoryManagementSingleThread\input\sample2.csv] to [D:/Litmus7/inventory_feed/InventoryManagementSingleThread/processed].
2025-09-02 07:39:04 [main] INFO  com.litmus7.inventorymanagementsinglethread.service.InventoryService - Successfully inserted the records from file [D:\Litmus7\inventory_feed\InventoryManagementSingleThread\input\sample2.csv].
2025-09-02 07:39:04 [main] DEBUG com.litmus7.inventorymanagementsinglethread.service.InventoryService - Moved the file from [D:\Litmus7\inventory_feed\InventoryManagementSingleThread\input\sample2.csv] to [D:/Litmus7/inventory_feed/InventoryManagementSingleThread/processed]
2025-09-02 07:39:04 [main] INFO  com.litmus7.inventorymanagementsinglethread.service.InventoryService - Processing file : D:\Litmus7\inventory_feed\InventoryManagementSingleThread\input\sample3.csv
2025-09-02 07:39:04 [main] DEBUG com.litmus7.inventorymanagementsinglethread.service.InventoryService - Retrieved 0 records from the file [D:\Litmus7\inventory_feed\InventoryManagementSingleThread\input\sample3.csv].
2025-09-02 07:39:04 [main] INFO  com.litmus7.inventorymanagementsinglethread.util.FileUtil - Moved file from [D:\Litmus7\inventory_feed\InventoryManagementSingleThread\input\sample3.csv] to [D:/Litmus7/inventory_feed/InventoryManagementSingleThread/processed].
2025-09-02 07:39:04 [main] INFO  com.litmus7.inventorymanagementsinglethread.service.InventoryService - Successfully inserted the records from file [D:\Litmus7\inventory_feed\InventoryManagementSingleThread\input\sample3.csv].
2025-09-02 07:39:04 [main] DEBUG com.litmus7.inventorymanagementsinglethread.service.InventoryService - Moved the file from [D:\Litmus7\inventory_feed\InventoryManagementSingleThread\input\sample3.csv] to [D:/Litmus7/inventory_feed/InventoryManagementSingleThread/processed]
2025-09-02 07:39:04 [main] INFO  com.litmus7.inventorymanagementsinglethread.service.InventoryService - Processing file : D:\Litmus7\inventory_feed\InventoryManagementSingleThread\input\sample4.csv
2025-09-02 07:39:04 [main] DEBUG com.litmus7.inventorymanagementsinglethread.service.InventoryService - Retrieved 0 records from the file [D:\Litmus7\inventory_feed\InventoryManagementSingleThread\input\sample4.csv].
2025-09-02 07:39:04 [main] INFO  com.litmus7.inventorymanagementsinglethread.util.FileUtil - Moved file from [D:\Litmus7\inventory_feed\InventoryManagementSingleThread\input\sample4.csv] to [D:/Litmus7/inventory_feed/InventoryManagementSingleThread/processed].
2025-09-02 07:39:04 [main] INFO  com.litmus7.inventorymanagementsinglethread.service.InventoryService - Successfully inserted the records from file [D:\Litmus7\inventory_feed\InventoryManagementSingleThread\input\sample4.csv].
2025-09-02 07:39:04 [main] DEBUG com.litmus7.inventorymanagementsinglethread.service.InventoryService - Moved the file from [D:\Litmus7\inventory_feed\InventoryManagementSingleThread\input\sample4.csv] to [D:/Litmus7/inventory_feed/InventoryManagementSingleThread/processed]
2025-09-02 07:42:58 [main] INFO  com.litmus7.inventorymanagementsinglethread.util.FileUtil - Found 4 CSV file(s) in directory [D:\Litmus7\inventory_feed\InventoryManagementSingleThread\input].
2025-09-02 07:42:58 [main] INFO  com.litmus7.inventorymanagementsinglethread.service.InventoryService - Beginning addInventoryToDB()
2025-09-02 07:42:58 [main] DEBUG com.litmus7.inventorymanagementsinglethread.service.InventoryService - Found 4 csv files from the folder [D:/Litmus7/inventory_feed/InventoryManagementSingleThread/input].
2025-09-02 07:42:58 [main] INFO  com.litmus7.inventorymanagementsinglethread.service.InventoryService - Processing file : D:\Litmus7\inventory_feed\InventoryManagementSingleThread\input\sample1.csv
2025-09-02 07:42:58 [main] DEBUG com.litmus7.inventorymanagementsinglethread.service.InventoryService - Retrieved 0 records from the file [D:\Litmus7\inventory_feed\InventoryManagementSingleThread\input\sample1.csv].
2025-09-02 07:42:59 [main] INFO  com.litmus7.inventorymanagementsinglethread.util.FileUtil - Moved file from [D:\Litmus7\inventory_feed\InventoryManagementSingleThread\input\sample1.csv] to [D:/Litmus7/inventory_feed/InventoryManagementSingleThread/processed].
2025-09-02 07:42:59 [main] INFO  com.litmus7.inventorymanagementsinglethread.service.InventoryService - Successfully inserted the records from file [D:\Litmus7\inventory_feed\InventoryManagementSingleThread\input\sample1.csv].
2025-09-02 07:42:59 [main] DEBUG com.litmus7.inventorymanagementsinglethread.service.InventoryService - Moved the file from [D:\Litmus7\inventory_feed\InventoryManagementSingleThread\input\sample1.csv] to [D:/Litmus7/inventory_feed/InventoryManagementSingleThread/processed]
2025-09-02 07:42:59 [main] INFO  com.litmus7.inventorymanagementsinglethread.service.InventoryService - Processing file : D:\Litmus7\inventory_feed\InventoryManagementSingleThread\input\sample2.csv
2025-09-02 07:42:59 [main] DEBUG com.litmus7.inventorymanagementsinglethread.service.InventoryService - Retrieved 0 records from the file [D:\Litmus7\inventory_feed\InventoryManagementSingleThread\input\sample2.csv].
2025-09-02 07:42:59 [main] INFO  com.litmus7.inventorymanagementsinglethread.util.FileUtil - Moved file from [D:\Litmus7\inventory_feed\InventoryManagementSingleThread\input\sample2.csv] to [D:/Litmus7/inventory_feed/InventoryManagementSingleThread/processed].
2025-09-02 07:42:59 [main] INFO  com.litmus7.inventorymanagementsinglethread.service.InventoryService - Successfully inserted the records from file [D:\Litmus7\inventory_feed\InventoryManagementSingleThread\input\sample2.csv].
2025-09-02 07:42:59 [main] DEBUG com.litmus7.inventorymanagementsinglethread.service.InventoryService - Moved the file from [D:\Litmus7\inventory_feed\InventoryManagementSingleThread\input\sample2.csv] to [D:/Litmus7/inventory_feed/InventoryManagementSingleThread/processed]
2025-09-02 07:42:59 [main] INFO  com.litmus7.inventorymanagementsinglethread.service.InventoryService - Processing file : D:\Litmus7\inventory_feed\InventoryManagementSingleThread\input\sample3.csv
2025-09-02 07:42:59 [main] DEBUG com.litmus7.inventorymanagementsinglethread.service.InventoryService - Retrieved 0 records from the file [D:\Litmus7\inventory_feed\InventoryManagementSingleThread\input\sample3.csv].
2025-09-02 07:42:59 [main] INFO  com.litmus7.inventorymanagementsinglethread.util.FileUtil - Moved file from [D:\Litmus7\inventory_feed\InventoryManagementSingleThread\input\sample3.csv] to [D:/Litmus7/inventory_feed/InventoryManagementSingleThread/processed].
2025-09-02 07:42:59 [main] INFO  com.litmus7.inventorymanagementsinglethread.service.InventoryService - Successfully inserted the records from file [D:\Litmus7\inventory_feed\InventoryManagementSingleThread\input\sample3.csv].
2025-09-02 07:42:59 [main] DEBUG com.litmus7.inventorymanagementsinglethread.service.InventoryService - Moved the file from [D:\Litmus7\inventory_feed\InventoryManagementSingleThread\input\sample3.csv] to [D:/Litmus7/inventory_feed/InventoryManagementSingleThread/processed]
2025-09-02 07:42:59 [main] INFO  com.litmus7.inventorymanagementsinglethread.service.InventoryService - Processing file : D:\Litmus7\inventory_feed\InventoryManagementSingleThread\input\sample4.csv
2025-09-02 07:42:59 [main] DEBUG com.litmus7.inventorymanagementsinglethread.service.InventoryService - Retrieved 0 records from the file [D:\Litmus7\inventory_feed\InventoryManagementSingleThread\input\sample4.csv].
2025-09-02 07:42:59 [main] INFO  com.litmus7.inventorymanagementsinglethread.util.FileUtil - Moved file from [D:\Litmus7\inventory_feed\InventoryManagementSingleThread\input\sample4.csv] to [D:/Litmus7/inventory_feed/InventoryManagementSingleThread/processed].
2025-09-02 07:42:59 [main] INFO  com.litmus7.inventorymanagementsinglethread.service.InventoryService - Successfully inserted the records from file [D:\Litmus7\inventory_feed\InventoryManagementSingleThread\input\sample4.csv].
2025-09-02 07:42:59 [main] DEBUG com.litmus7.inventorymanagementsinglethread.service.InventoryService - Moved the file from [D:\Litmus7\inventory_feed\InventoryManagementSingleThread\input\sample4.csv] to [D:/Litmus7/inventory_feed/InventoryManagementSingleThread/processed]
2025-09-02 07:43:54 [main] WARN  com.litmus7.inventorymanagementsinglethread.util.FileUtil - No CSV files found in directory [D:\Litmus7\inventory_feed\InventoryManagementSingleThread\input].
2025-09-02 07:43:54 [main] INFO  com.litmus7.inventorymanagementsinglethread.service.InventoryService - Beginning addInventoryToDB()
2025-09-02 07:43:54 [main] DEBUG com.litmus7.inventorymanagementsinglethread.service.InventoryService - Found 0 csv files from the folder [D:/Litmus7/inventory_feed/InventoryManagementSingleThread/input].
2025-09-02 07:44:36 [main] WARN  com.litmus7.inventorymanagementsinglethread.util.FileUtil - No CSV files found in directory [D:\Litmus7\inventory_feed\InventoryManagementSingleThread\input].
2025-09-02 07:44:36 [main] INFO  com.litmus7.inventorymanagementsinglethread.service.InventoryService - Beginning addInventoryToDB()
2025-09-02 07:44:36 [main] DEBUG com.litmus7.inventorymanagementsinglethread.service.InventoryService - Found 0 csv files from the folder [D:/Litmus7/inventory_feed/InventoryManagementSingleThread/input].
2025-09-02 07:45:44 [main] WARN  com.litmus7.inventorymanagementsinglethread.util.FileUtil - No CSV files found in directory [D:\Litmus7\inventory_feed\InventoryManagementSingleThread\input].
2025-09-02 07:45:44 [main] INFO  com.litmus7.inventorymanagementsinglethread.service.InventoryService - Beginning addInventoryToDB()
2025-09-02 07:45:44 [main] DEBUG com.litmus7.inventorymanagementsinglethread.service.InventoryService - Found 0 csv files from the folder [D:/Litmus7/inventory_feed/InventoryManagementSingleThread/input].
2025-09-02 07:55:58 [main] WARN  com.litmus7.inventorymanagementsinglethread.util.FileUtil - No CSV files found in directory [D:\Litmus7\inventory_feed\InventoryManagementSingleThread\input].
2025-09-02 07:55:58 [main] INFO  com.litmus7.inventorymanagementsinglethread.service.InventoryService - Beginning addInventoryToDB()
2025-09-02 07:55:58 [main] DEBUG com.litmus7.inventorymanagementsinglethread.service.InventoryService - Found 0 csv files from the folder [D:/Litmus7/inventory_feed/InventoryManagementSingleThread/input].
2025-09-02 07:56:51 [main] WARN  com.litmus7.inventorymanagementsinglethread.util.FileUtil - No CSV files found in directory [D:\Litmus7\inventory_feed\InventoryManagementSingleThread\input].
2025-09-02 07:56:51 [main] INFO  com.litmus7.inventorymanagementsinglethread.service.InventoryService - Beginning addInventoryToDB()
2025-09-02 07:56:51 [main] DEBUG com.litmus7.inventorymanagementsinglethread.service.InventoryService - Found 0 csv files from the folder [D:/Litmus7/inventory_feed/InventoryManagementSingleThread/input].
2025-09-02 10:08:26 [main] WARN  com.litmus7.inventorymanagementsinglethread.util.FileUtil - No CSV files found in directory [D:\Litmus7\inventory_feed\InventoryManagementSingleThread\input].
2025-09-02 10:08:26 [main] INFO  com.litmus7.inventorymanagementsinglethread.service.InventoryService - Beginning addInventoryToDB()
2025-09-02 10:08:26 [main] DEBUG com.litmus7.inventorymanagementsinglethread.service.InventoryService - Found 0 csv files from the folder [D:/Litmus7/inventory_feed/InventoryManagementSingleThread/input].
2025-09-02 10:09:35 [main] WARN  com.litmus7.inventorymanagementsinglethread.util.FileUtil - No CSV files found in directory [D:\Litmus7\inventory_feed\InventoryManagementSingleThread\input].
2025-09-02 10:09:35 [main] INFO  com.litmus7.inventorymanagementsinglethread.service.InventoryService - Beginning addInventoryToDB()
2025-09-02 10:09:35 [main] DEBUG com.litmus7.inventorymanagementsinglethread.service.InventoryService - Found 0 csv files from the folder [D:/Litmus7/inventory_feed/InventoryManagementSingleThread/input].
2025-09-02 10:10:18 [main] WARN  com.litmus7.inventorymanagementsinglethread.util.FileUtil - No CSV files found in directory [D:\Litmus7\inventory_feed\InventoryManagementSingleThread\input].
2025-09-02 10:10:18 [main] INFO  com.litmus7.inventorymanagementsinglethread.service.InventoryService - Beginning addInventoryToDB()
2025-09-02 10:10:18 [main] DEBUG com.litmus7.inventorymanagementsinglethread.service.InventoryService - Found 0 csv files from the folder [D:/Litmus7/inventory_feed/InventoryManagementSingleThread/input].
2025-09-02 10:10:41 [main] WARN  com.litmus7.inventorymanagementsinglethread.util.FileUtil - No CSV files found in directory [D:\Litmus7\inventory_feed\InventoryManagementSingleThread\input].
2025-09-02 10:10:41 [main] INFO  com.litmus7.inventorymanagementsinglethread.service.InventoryService - Beginning addInventoryToDB()
2025-09-02 10:10:41 [main] DEBUG com.litmus7.inventorymanagementsinglethread.service.InventoryService - Found 0 csv files from the folder [D:/Litmus7/inventory_feed/InventoryManagementSingleThread/input].
2025-09-02 10:12:18 [main] WARN  com.litmus7.inventorymanagementsinglethread.util.FileUtil - No CSV files found in directory [D:\Litmus7\inventory_feed\InventoryManagementSingleThread\input].
2025-09-02 10:12:18 [main] INFO  com.litmus7.inventorymanagementsinglethread.service.InventoryService - Beginning addInventoryToDB()
2025-09-02 10:12:18 [main] DEBUG com.litmus7.inventorymanagementsinglethread.service.InventoryService - Found 0 csv files from the folder [D:/Litmus7/inventory_feed/InventoryManagementSingleThread/input].
2025-09-02 10:12:43 [main] WARN  com.litmus7.inventorymanagementsinglethread.util.FileUtil - No CSV files found in directory [D:\Litmus7\inventory_feed\InventoryManagementSingleThread\input].
2025-09-02 10:12:43 [main] INFO  com.litmus7.inventorymanagementsinglethread.service.InventoryService - Beginning addInventoryToDB()
2025-09-02 10:12:43 [main] DEBUG com.litmus7.inventorymanagementsinglethread.service.InventoryService - Found 0 csv files from the folder [D:/Litmus7/inventory_feed/InventoryManagementSingleThread/input].
2025-09-02 10:14:37 [main] WARN  com.litmus7.inventorymanagementsinglethread.util.FileUtil - No CSV files found in directory [D:\Litmus7\inventory_feed\InventoryManagementSingleThread\input].
2025-09-02 10:14:37 [main] INFO  com.litmus7.inventorymanagementsinglethread.service.InventoryService - Beginning addInventoryToDB()
2025-09-02 10:14:37 [main] DEBUG com.litmus7.inventorymanagementsinglethread.service.InventoryService - Found 0 csv files from the folder [D:/Litmus7/inventory_feed/InventoryManagementSingleThread/input].
2025-09-02 10:15:30 [main] WARN  com.litmus7.inventorymanagementsinglethread.util.FileUtil - No CSV files found in directory [D:\Litmus7\inventory_feed\InventoryManagementSingleThread\input].
2025-09-02 10:15:30 [main] INFO  com.litmus7.inventorymanagementsinglethread.service.InventoryService - Beginning addInventoryToDB()
2025-09-02 10:15:30 [main] DEBUG com.litmus7.inventorymanagementsinglethread.service.InventoryService - Found 0 csv files from the folder [D:/Litmus7/inventory_feed/InventoryManagementSingleThread/input].
2025-09-02 10:20:12 [main] ERROR com.litmus7.inventorymanagementsinglethread.util.FileUtil - The file path [D:\Litmus7\inventory_feed\InventoryManagementSingleThread\input\sample4.csv] is not found.
2025-09-02 10:20:38 [main] WARN  com.litmus7.inventorymanagementsinglethread.util.FileUtil - No CSV files found in directory [D:\Litmus7\inventory_feed\InventoryManagementSingleThread\input].
2025-09-02 10:21:26 [main] INFO  com.litmus7.inventorymanagementsinglethread.util.FileUtil - Moved file from [D:/Litmus7/inventory_feed/InventoryManagementSingleThread/input/sample4.csv] to [D:/Litmus7/inventory_feed/input].
2025-09-02 10:21:31 [main] ERROR com.litmus7.inventorymanagementsinglethread.util.FileUtil - The file path [D:\Litmus7\inventory_feed\InventoryManagementSingleThread\input\sample4.csv] is not found.
2025-09-02 10:21:35 [main] ERROR com.litmus7.inventorymanagementsinglethread.util.FileUtil - The file path [D:\Litmus7\inventory_feed\InventoryManagementSingleThread\input\sample4.csv] is not found.
2025-09-02 10:22:22 [main] INFO  com.litmus7.inventorymanagementsinglethread.util.FileUtil - Found 3 CSV file(s) in directory [D:\Litmus7\inventory_feed\InventoryManagementSingleThread\input].
2025-09-02 10:22:22 [main] INFO  com.litmus7.inventorymanagementsinglethread.service.InventoryService - Beginning addInventoryToDB()
2025-09-02 10:22:22 [main] DEBUG com.litmus7.inventorymanagementsinglethread.service.InventoryService - Found 3 csv files from the folder [D:/Litmus7/inventory_feed/InventoryManagementSingleThread/input].
2025-09-02 10:22:22 [main] INFO  com.litmus7.inventorymanagementsinglethread.service.InventoryService - Processing file : D:\Litmus7\inventory_feed\InventoryManagementSingleThread\input\sample1.csv
2025-09-02 10:22:31 [main] DEBUG com.litmus7.inventorymanagementsinglethread.service.InventoryService - Retrieved 0 records from the file [D:\Litmus7\inventory_feed\InventoryManagementSingleThread\input\sample1.csv].
2025-09-02 10:22:56 [main] INFO  com.litmus7.inventorymanagementsinglethread.util.FileUtil - Moved file from [D:\Litmus7\inventory_feed\InventoryManagementSingleThread\input\sample1.csv] to [D:/Litmus7/inventory_feed/InventoryManagementSingleThread/processed].
2025-09-02 10:22:56 [main] INFO  com.litmus7.inventorymanagementsinglethread.service.InventoryService - Successfully inserted the records from file [D:\Litmus7\inventory_feed\InventoryManagementSingleThread\input\sample1.csv].
2025-09-02 10:22:56 [main] DEBUG com.litmus7.inventorymanagementsinglethread.service.InventoryService - Moved the file from [D:\Litmus7\inventory_feed\InventoryManagementSingleThread\input\sample1.csv] to [D:/Litmus7/inventory_feed/InventoryManagementSingleThread/processed]
2025-09-02 10:22:56 [main] INFO  com.litmus7.inventorymanagementsinglethread.service.InventoryService - Processing file : D:\Litmus7\inventory_feed\InventoryManagementSingleThread\input\sample2.csv
2025-09-02 10:22:59 [main] DEBUG com.litmus7.inventorymanagementsinglethread.service.InventoryService - Retrieved 0 records from the file [D:\Litmus7\inventory_feed\InventoryManagementSingleThread\input\sample2.csv].
2025-09-02 10:23:04 [main] INFO  com.litmus7.inventorymanagementsinglethread.util.FileUtil - Moved file from [D:\Litmus7\inventory_feed\InventoryManagementSingleThread\input\sample2.csv] to [D:/Litmus7/inventory_feed/InventoryManagementSingleThread/processed].
2025-09-02 10:23:04 [main] INFO  com.litmus7.inventorymanagementsinglethread.service.InventoryService - Successfully inserted the records from file [D:\Litmus7\inventory_feed\InventoryManagementSingleThread\input\sample2.csv].
2025-09-02 10:23:04 [main] DEBUG com.litmus7.inventorymanagementsinglethread.service.InventoryService - Moved the file from [D:\Litmus7\inventory_feed\InventoryManagementSingleThread\input\sample2.csv] to [D:/Litmus7/inventory_feed/InventoryManagementSingleThread/processed]
2025-09-02 10:23:04 [main] INFO  com.litmus7.inventorymanagementsinglethread.service.InventoryService - Processing file : D:\Litmus7\inventory_feed\InventoryManagementSingleThread\input\sample3.csv
2025-09-02 10:23:05 [main] DEBUG com.litmus7.inventorymanagementsinglethread.service.InventoryService - Retrieved 0 records from the file [D:\Litmus7\inventory_feed\InventoryManagementSingleThread\input\sample3.csv].
2025-09-02 10:23:09 [main] INFO  com.litmus7.inventorymanagementsinglethread.util.FileUtil - Moved file from [D:\Litmus7\inventory_feed\InventoryManagementSingleThread\input\sample3.csv] to [D:/Litmus7/inventory_feed/InventoryManagementSingleThread/processed].
2025-09-02 10:23:09 [main] INFO  com.litmus7.inventorymanagementsinglethread.service.InventoryService - Successfully inserted the records from file [D:\Litmus7\inventory_feed\InventoryManagementSingleThread\input\sample3.csv].
2025-09-02 10:23:09 [main] DEBUG com.litmus7.inventorymanagementsinglethread.service.InventoryService - Moved the file from [D:\Litmus7\inventory_feed\InventoryManagementSingleThread\input\sample3.csv] to [D:/Litmus7/inventory_feed/InventoryManagementSingleThread/processed]
2025-09-02 10:29:33 [main] INFO  com.litmus7.inventorymanagementsinglethread.util.FileUtil - Found 4 CSV file(s) in directory [D:\Litmus7\inventory_feed\InventoryManagementSingleThread\input].
2025-09-02 10:29:33 [main] INFO  com.litmus7.inventorymanagementsinglethread.service.InventoryService - Beginning addInventoryToDB()
2025-09-02 10:29:33 [main] DEBUG com.litmus7.inventorymanagementsinglethread.service.InventoryService - Found 4 csv files from the folder [D:/Litmus7/inventory_feed/InventoryManagementSingleThread/input].
2025-09-02 10:29:33 [main] INFO  com.litmus7.inventorymanagementsinglethread.service.InventoryService - Processing file : D:\Litmus7\inventory_feed\InventoryManagementSingleThread\input\sample1.csv
2025-09-02 10:29:33 [main] DEBUG com.litmus7.inventorymanagementsinglethread.service.InventoryService - Retrieved 0 records from the file [D:\Litmus7\inventory_feed\InventoryManagementSingleThread\input\sample1.csv].
2025-09-02 10:29:33 [main] INFO  com.litmus7.inventorymanagementsinglethread.util.FileUtil - Moved file from [D:\Litmus7\inventory_feed\InventoryManagementSingleThread\input\sample1.csv] to [D:/Litmus7/inventory_feed/InventoryManagementSingleThread/processed].
2025-09-02 10:29:33 [main] INFO  com.litmus7.inventorymanagementsinglethread.service.InventoryService - Successfully inserted the records from file [D:\Litmus7\inventory_feed\InventoryManagementSingleThread\input\sample1.csv].
2025-09-02 10:29:33 [main] DEBUG com.litmus7.inventorymanagementsinglethread.service.InventoryService - Moved the file from [D:\Litmus7\inventory_feed\InventoryManagementSingleThread\input\sample1.csv] to [D:/Litmus7/inventory_feed/InventoryManagementSingleThread/processed]
2025-09-02 10:29:33 [main] INFO  com.litmus7.inventorymanagementsinglethread.service.InventoryService - Processing file : D:\Litmus7\inventory_feed\InventoryManagementSingleThread\input\sample2.csv
2025-09-02 10:29:33 [main] DEBUG com.litmus7.inventorymanagementsinglethread.service.InventoryService - Retrieved 0 records from the file [D:\Litmus7\inventory_feed\InventoryManagementSingleThread\input\sample2.csv].
2025-09-02 10:29:33 [main] INFO  com.litmus7.inventorymanagementsinglethread.util.FileUtil - Moved file from [D:\Litmus7\inventory_feed\InventoryManagementSingleThread\input\sample2.csv] to [D:/Litmus7/inventory_feed/InventoryManagementSingleThread/processed].
2025-09-02 10:29:33 [main] INFO  com.litmus7.inventorymanagementsinglethread.service.InventoryService - Successfully inserted the records from file [D:\Litmus7\inventory_feed\InventoryManagementSingleThread\input\sample2.csv].
2025-09-02 10:29:33 [main] DEBUG com.litmus7.inventorymanagementsinglethread.service.InventoryService - Moved the file from [D:\Litmus7\inventory_feed\InventoryManagementSingleThread\input\sample2.csv] to [D:/Litmus7/inventory_feed/InventoryManagementSingleThread/processed]
2025-09-02 10:29:33 [main] INFO  com.litmus7.inventorymanagementsinglethread.service.InventoryService - Processing file : D:\Litmus7\inventory_feed\InventoryManagementSingleThread\input\sample3.csv
2025-09-02 10:29:33 [main] DEBUG com.litmus7.inventorymanagementsinglethread.service.InventoryService - Retrieved 0 records from the file [D:\Litmus7\inventory_feed\InventoryManagementSingleThread\input\sample3.csv].
2025-09-02 10:29:33 [main] INFO  com.litmus7.inventorymanagementsinglethread.util.FileUtil - Moved file from [D:\Litmus7\inventory_feed\InventoryManagementSingleThread\input\sample3.csv] to [D:/Litmus7/inventory_feed/InventoryManagementSingleThread/processed].
2025-09-02 10:29:33 [main] INFO  com.litmus7.inventorymanagementsinglethread.service.InventoryService - Successfully inserted the records from file [D:\Litmus7\inventory_feed\InventoryManagementSingleThread\input\sample3.csv].
2025-09-02 10:29:33 [main] DEBUG com.litmus7.inventorymanagementsinglethread.service.InventoryService - Moved the file from [D:\Litmus7\inventory_feed\InventoryManagementSingleThread\input\sample3.csv] to [D:/Litmus7/inventory_feed/InventoryManagementSingleThread/processed]
2025-09-02 10:29:33 [main] INFO  com.litmus7.inventorymanagementsinglethread.service.InventoryService - Processing file : D:\Litmus7\inventory_feed\InventoryManagementSingleThread\input\sample4.csv
2025-09-02 10:29:33 [main] DEBUG com.litmus7.inventorymanagementsinglethread.service.InventoryService - Retrieved 0 records from the file [D:\Litmus7\inventory_feed\InventoryManagementSingleThread\input\sample4.csv].
2025-09-02 10:29:33 [main] INFO  com.litmus7.inventorymanagementsinglethread.util.FileUtil - Moved file from [D:\Litmus7\inventory_feed\InventoryManagementSingleThread\input\sample4.csv] to [D:/Litmus7/inventory_feed/InventoryManagementSingleThread/processed].
2025-09-02 10:29:33 [main] INFO  com.litmus7.inventorymanagementsinglethread.service.InventoryService - Successfully inserted the records from file [D:\Litmus7\inventory_feed\InventoryManagementSingleThread\input\sample4.csv].
2025-09-02 10:29:33 [main] DEBUG com.litmus7.inventorymanagementsinglethread.service.InventoryService - Moved the file from [D:\Litmus7\inventory_feed\InventoryManagementSingleThread\input\sample4.csv] to [D:/Litmus7/inventory_feed/InventoryManagementSingleThread/processed]
2025-09-02 10:32:45 [main] WARN  com.litmus7.inventorymanagementsinglethread.util.FileUtil - No CSV files found in directory [D:\Litmus7\inventory_feed\InventoryManagementSingleThread\input].
2025-09-02 10:32:57 [main] INFO  com.litmus7.inventorymanagementsinglethread.util.FileUtil - Found 4 CSV file(s) in directory [D:\Litmus7\inventory_feed\InventoryManagementSingleThread\input].
2025-09-02 10:32:57 [main] INFO  com.litmus7.inventorymanagementsinglethread.service.InventoryService - Beginning addInventoryToDB()
2025-09-02 10:32:57 [main] DEBUG com.litmus7.inventorymanagementsinglethread.service.InventoryService - Found 4 csv files from the folder [D:/Litmus7/inventory_feed/InventoryManagementSingleThread/input].
2025-09-02 10:32:57 [main] INFO  com.litmus7.inventorymanagementsinglethread.service.InventoryService - Processing file : D:\Litmus7\inventory_feed\InventoryManagementSingleThread\input\sample1.csv
2025-09-02 10:32:57 [main] DEBUG com.litmus7.inventorymanagementsinglethread.service.InventoryService - Retrieved 3 records from the file [D:\Litmus7\inventory_feed\InventoryManagementSingleThread\input\sample1.csv].
2025-09-02 10:32:57 [main] INFO  com.litmus7.inventorymanagementsinglethread.util.FileUtil - Moved file from [D:\Litmus7\inventory_feed\InventoryManagementSingleThread\input\sample1.csv] to [D:/Litmus7/inventory_feed/InventoryManagementSingleThread/processed].
2025-09-02 10:32:57 [main] INFO  com.litmus7.inventorymanagementsinglethread.service.InventoryService - Successfully inserted the records from file [D:\Litmus7\inventory_feed\InventoryManagementSingleThread\input\sample1.csv].
2025-09-02 10:32:57 [main] DEBUG com.litmus7.inventorymanagementsinglethread.service.InventoryService - Moved the file from [D:\Litmus7\inventory_feed\InventoryManagementSingleThread\input\sample1.csv] to [D:/Litmus7/inventory_feed/InventoryManagementSingleThread/processed]
2025-09-02 10:32:57 [main] INFO  com.litmus7.inventorymanagementsinglethread.service.InventoryService - Processing file : D:\Litmus7\inventory_feed\InventoryManagementSingleThread\input\sample2.csv
2025-09-02 10:32:57 [main] DEBUG com.litmus7.inventorymanagementsinglethread.service.InventoryService - Retrieved 3 records from the file [D:\Litmus7\inventory_feed\InventoryManagementSingleThread\input\sample2.csv].
2025-09-02 10:32:57 [main] INFO  com.litmus7.inventorymanagementsinglethread.util.FileUtil - Moved file from [D:\Litmus7\inventory_feed\InventoryManagementSingleThread\input\sample2.csv] to [D:/Litmus7/inventory_feed/InventoryManagementSingleThread/processed].
2025-09-02 10:32:57 [main] INFO  com.litmus7.inventorymanagementsinglethread.service.InventoryService - Successfully inserted the records from file [D:\Litmus7\inventory_feed\InventoryManagementSingleThread\input\sample2.csv].
2025-09-02 10:32:57 [main] DEBUG com.litmus7.inventorymanagementsinglethread.service.InventoryService - Moved the file from [D:\Litmus7\inventory_feed\InventoryManagementSingleThread\input\sample2.csv] to [D:/Litmus7/inventory_feed/InventoryManagementSingleThread/processed]
2025-09-02 10:32:57 [main] INFO  com.litmus7.inventorymanagementsinglethread.service.InventoryService - Processing file : D:\Litmus7\inventory_feed\InventoryManagementSingleThread\input\sample3.csv
2025-09-02 10:32:57 [main] DEBUG com.litmus7.inventorymanagementsinglethread.service.InventoryService - Retrieved 3 records from the file [D:\Litmus7\inventory_feed\InventoryManagementSingleThread\input\sample3.csv].
2025-09-02 10:32:57 [main] INFO  com.litmus7.inventorymanagementsinglethread.util.FileUtil - Moved file from [D:\Litmus7\inventory_feed\InventoryManagementSingleThread\input\sample3.csv] to [D:/Litmus7/inventory_feed/InventoryManagementSingleThread/processed].
2025-09-02 10:32:57 [main] INFO  com.litmus7.inventorymanagementsinglethread.service.InventoryService - Successfully inserted the records from file [D:\Litmus7\inventory_feed\InventoryManagementSingleThread\input\sample3.csv].
2025-09-02 10:32:57 [main] DEBUG com.litmus7.inventorymanagementsinglethread.service.InventoryService - Moved the file from [D:\Litmus7\inventory_feed\InventoryManagementSingleThread\input\sample3.csv] to [D:/Litmus7/inventory_feed/InventoryManagementSingleThread/processed]
2025-09-02 10:32:57 [main] INFO  com.litmus7.inventorymanagementsinglethread.service.InventoryService - Processing file : D:\Litmus7\inventory_feed\InventoryManagementSingleThread\input\sample4.csv
2025-09-02 10:32:57 [main] DEBUG com.litmus7.inventorymanagementsinglethread.service.InventoryService - Retrieved 3 records from the file [D:\Litmus7\inventory_feed\InventoryManagementSingleThread\input\sample4.csv].
2025-09-02 10:32:57 [main] INFO  com.litmus7.inventorymanagementsinglethread.util.FileUtil - Moved file from [D:\Litmus7\inventory_feed\InventoryManagementSingleThread\input\sample4.csv] to [D:/Litmus7/inventory_feed/InventoryManagementSingleThread/processed].
2025-09-02 10:32:57 [main] INFO  com.litmus7.inventorymanagementsinglethread.service.InventoryService - Successfully inserted the records from file [D:\Litmus7\inventory_feed\InventoryManagementSingleThread\input\sample4.csv].
2025-09-02 10:32:57 [main] DEBUG com.litmus7.inventorymanagementsinglethread.service.InventoryService - Moved the file from [D:\Litmus7\inventory_feed\InventoryManagementSingleThread\input\sample4.csv] to [D:/Litmus7/inventory_feed/InventoryManagementSingleThread/processed]
2025-09-02 10:34:07 [main] WARN  com.litmus7.inventorymanagementsinglethread.util.FileUtil - No CSV files found in directory [D:\Litmus7\inventory_feed\InventoryManagementSingleThread\input].
2025-09-02 10:34:21 [main] INFO  com.litmus7.inventorymanagementsinglethread.util.FileUtil - Found 4 CSV file(s) in directory [D:\Litmus7\inventory_feed\InventoryManagementSingleThread\input].
2025-09-02 10:34:21 [main] INFO  com.litmus7.inventorymanagementsinglethread.service.InventoryService - Beginning addInventoryToDB()
2025-09-02 10:34:21 [main] DEBUG com.litmus7.inventorymanagementsinglethread.service.InventoryService - Found 4 csv files from the folder [D:/Litmus7/inventory_feed/InventoryManagementSingleThread/input].
2025-09-02 10:34:21 [main] INFO  com.litmus7.inventorymanagementsinglethread.service.InventoryService - Processing file : D:\Litmus7\inventory_feed\InventoryManagementSingleThread\input\sample1.csv
2025-09-02 10:34:21 [main] DEBUG com.litmus7.inventorymanagementsinglethread.service.InventoryService - Retrieved 3 records from the file [D:\Litmus7\inventory_feed\InventoryManagementSingleThread\input\sample1.csv].
2025-09-02 10:34:21 [main] INFO  com.litmus7.inventorymanagementsinglethread.util.FileUtil - Moved file from [D:\Litmus7\inventory_feed\InventoryManagementSingleThread\input\sample1.csv] to [D:/Litmus7/inventory_feed/InventoryManagementSingleThread/processed].
2025-09-02 10:34:21 [main] INFO  com.litmus7.inventorymanagementsinglethread.service.InventoryService - Successfully inserted the records from file [D:\Litmus7\inventory_feed\InventoryManagementSingleThread\input\sample1.csv].
2025-09-02 10:34:21 [main] DEBUG com.litmus7.inventorymanagementsinglethread.service.InventoryService - Moved the file from [D:\Litmus7\inventory_feed\InventoryManagementSingleThread\input\sample1.csv] to [D:/Litmus7/inventory_feed/InventoryManagementSingleThread/processed]
2025-09-02 10:34:21 [main] INFO  com.litmus7.inventorymanagementsinglethread.service.InventoryService - Processing file : D:\Litmus7\inventory_feed\InventoryManagementSingleThread\input\sample2.csv
2025-09-02 10:34:21 [main] DEBUG com.litmus7.inventorymanagementsinglethread.service.InventoryService - Retrieved 3 records from the file [D:\Litmus7\inventory_feed\InventoryManagementSingleThread\input\sample2.csv].
2025-09-02 10:34:21 [main] INFO  com.litmus7.inventorymanagementsinglethread.util.FileUtil - Moved file from [D:\Litmus7\inventory_feed\InventoryManagementSingleThread\input\sample2.csv] to [D:/Litmus7/inventory_feed/InventoryManagementSingleThread/processed].
2025-09-02 10:34:21 [main] INFO  com.litmus7.inventorymanagementsinglethread.service.InventoryService - Successfully inserted the records from file [D:\Litmus7\inventory_feed\InventoryManagementSingleThread\input\sample2.csv].
2025-09-02 10:34:21 [main] DEBUG com.litmus7.inventorymanagementsinglethread.service.InventoryService - Moved the file from [D:\Litmus7\inventory_feed\InventoryManagementSingleThread\input\sample2.csv] to [D:/Litmus7/inventory_feed/InventoryManagementSingleThread/processed]
2025-09-02 10:34:21 [main] INFO  com.litmus7.inventorymanagementsinglethread.service.InventoryService - Processing file : D:\Litmus7\inventory_feed\InventoryManagementSingleThread\input\sample3.csv
2025-09-02 10:34:21 [main] DEBUG com.litmus7.inventorymanagementsinglethread.service.InventoryService - Retrieved 3 records from the file [D:\Litmus7\inventory_feed\InventoryManagementSingleThread\input\sample3.csv].
2025-09-02 10:34:22 [main] INFO  com.litmus7.inventorymanagementsinglethread.util.FileUtil - Moved file from [D:\Litmus7\inventory_feed\InventoryManagementSingleThread\input\sample3.csv] to [D:/Litmus7/inventory_feed/InventoryManagementSingleThread/error].
2025-09-02 10:34:22 [main] INFO  com.litmus7.inventorymanagementsinglethread.service.InventoryService - Failed to insert the records from file [D:\Litmus7\inventory_feed\InventoryManagementSingleThread\input\sample3.csv].
2025-09-02 10:34:22 [main] DEBUG com.litmus7.inventorymanagementsinglethread.service.InventoryService - Moved the file from [D:\Litmus7\inventory_feed\InventoryManagementSingleThread\input\sample3.csv] to [D:/Litmus7/inventory_feed/InventoryManagementSingleThread/error]
2025-09-02 10:34:22 [main] INFO  com.litmus7.inventorymanagementsinglethread.service.InventoryService - Processing file : D:\Litmus7\inventory_feed\InventoryManagementSingleThread\input\sample4.csv
2025-09-02 10:34:22 [main] DEBUG com.litmus7.inventorymanagementsinglethread.service.InventoryService - Retrieved 3 records from the file [D:\Litmus7\inventory_feed\InventoryManagementSingleThread\input\sample4.csv].
2025-09-02 10:34:22 [main] INFO  com.litmus7.inventorymanagementsinglethread.util.FileUtil - Moved file from [D:\Litmus7\inventory_feed\InventoryManagementSingleThread\input\sample4.csv] to [D:/Litmus7/inventory_feed/InventoryManagementSingleThread/error].
2025-09-02 10:34:22 [main] INFO  com.litmus7.inventorymanagementsinglethread.service.InventoryService - Failed to insert the records from file [D:\Litmus7\inventory_feed\InventoryManagementSingleThread\input\sample4.csv].
2025-09-02 10:34:22 [main] DEBUG com.litmus7.inventorymanagementsinglethread.service.InventoryService - Moved the file from [D:\Litmus7\inventory_feed\InventoryManagementSingleThread\input\sample4.csv] to [D:/Litmus7/inventory_feed/InventoryManagementSingleThread/error]
2025-09-02 11:12:53 [main] WARN  com.litmus7.inventorymanagementsinglethread.util.FileUtil - No CSV files found in directory [D:\Litmus7\inventory_feed\InventoryManagementSingleThread\input].
2025-09-02 11:19:56 [main] WARN  com.litmus7.inventorymanagementsinglethread.util.FileUtil - No CSV files found in directory [D:\Litmus7\inventory_feed\InventoryManagementSingleThread\input].
2025-09-02 11:19:56 [main] INFO  TestLogger - >>> Logger works
2025-09-02 11:21:30 [main] WARN  com.litmus7.inventorymanagementsinglethread.util.FileUtil - No CSV files found in directory [D:\Litmus7\inventory_feed\InventoryManagementSingleThread\input].
2025-09-02 11:21:30 [main] INFO  com.litmus7.inventorymanagementsinglethread.ui.Client - >>> Logger works
2025-09-02 11:23:52 [main] INFO  com.litmus7.inventorymanagementsinglethread.ui.Test - INFO log working 
2025-09-02 11:23:52 [main] WARN  com.litmus7.inventorymanagementsinglethread.ui.Test - WARN log working 
2025-09-02 11:23:52 [main] ERROR com.litmus7.inventorymanagementsinglethread.ui.Test - ERROR log working 
2025-09-02 11:25:09 [main] WARN  com.litmus7.inventorymanagementsinglethread.util.FileUtil - No CSV files found in directory [D:\Litmus7\inventory_feed\InventoryManagementSingleThread\input].
2025-09-02 12:20:40 [main] WARN  com.litmus7.inventorymanagementsinglethread.util.FileUtil - No CSV files found in directory [D:\Litmus7\inventory_feed\InventoryManagementSingleThread\input].
